<?xml version="1.0" encoding="UTF-8"?>
<!-- Generated by org.testng.reporters.JUnitReportReporter -->
<testsuite hostname="HP-SAURABH" failures="0" tests="9" name="TheSparksFoundation.HomePageTest" time="18.278" errors="0" timestamp="2022-01-18T15:37:38 IST" skipped="0">
  <testcase classname="TheSparksFoundation.HomePageTest" name="LaunchBrowser" time="10.888"/>
  <system-out/>
  <testcase classname="TheSparksFoundation.HomePageTest" name="LogoTest" time="0.241"/>
  <system-out/>
  <testcase classname="TheSparksFoundation.HomePageTest" name="EventTest" time="1.268"/>
  <system-out/>
  <testcase classname="TheSparksFoundation.HomePageTest" name="IntershipTest" time="1.137"/>
  <system-out/>
  <testcase classname="TheSparksFoundation.HomePageTest" name="MentorshipTest" time="1.147"/>
  <system-out/>
  <testcase classname="TheSparksFoundation.HomePageTest" name="SupportTest" time="1.138"/>
  <system-out/>
  <testcase classname="TheSparksFoundation.HomePageTest" name="ScholarshipTest" time="1.133"/>
  <system-out/>
  <testcase classname="TheSparksFoundation.HomePageTest" name="CommunityTest" time="1.166"/>
  <system-out/>
  <testcase classname="TheSparksFoundation.HomePageTest" name="quitBrowser" time="0.160"/>
  <system-out/>
</testsuite> <!-- TheSparksFoundation.HomePageTest -->
