<?xml version="1.0" encoding="UTF-8"?>
<!-- Generated by org.testng.reporters.JUnitReportReporter -->
<testsuite hostname="HP-SAURABH" failures="0" tests="7" name="TheSparksFoundation.ProgramsTest" time="10.579" errors="0" timestamp="2022-01-18T15:37:38 IST" skipped="0">
  <testcase classname="TheSparksFoundation.ProgramsTest" name="clickonprograms" time="8.919"/>
  <system-out/>
  <testcase classname="TheSparksFoundation.ProgramsTest" name="clickonstudentschorshipprogram" time="1.399"/>
  <system-out/>
  <testcase classname="TheSparksFoundation.ProgramsTest" name="verifytitle" time="0.071"/>
  <system-out/>
  <testcase classname="TheSparksFoundation.ProgramsTest" name="Testobjectives" time="0.047"/>
  <system-out/>
  <testcase classname="TheSparksFoundation.ProgramsTest" name="Testsetup" time="0.047"/>
  <system-out/>
  <testcase classname="TheSparksFoundation.ProgramsTest" name="Testtarget" time="0.049"/>
  <system-out/>
  <testcase classname="TheSparksFoundation.ProgramsTest" name="Testsupport" time="0.047"/>
  <system-out/>
</testsuite> <!-- TheSparksFoundation.ProgramsTest -->
