<?xml version="1.0" encoding="UTF-8"?>
<!-- Generated by org.testng.reporters.JUnitReportReporter -->
<testsuite hostname="HP-SAURABH" failures="0" tests="7" name="TheSparksFoundation.studentsosprogramTest" time="9.610" errors="0" timestamp="2022-01-18T15:37:38 IST" skipped="0">
  <testcase classname="TheSparksFoundation.studentsosprogramTest" name="clickOnPrograms" time="8.312"/>
  <system-out/>
  <testcase classname="TheSparksFoundation.studentsosprogramTest" name="clickonstudentsosprogram" time="1.098"/>
  <system-out/>
  <testcase classname="TheSparksFoundation.studentsosprogramTest" name="verifytitle" time="0.072"/>
  <system-out/>
  <testcase classname="TheSparksFoundation.studentsosprogramTest" name="Testwhatissos" time="0.032"/>
  <system-out/>
  <testcase classname="TheSparksFoundation.studentsosprogramTest" name="Testsetup" time="0.032"/>
  <system-out/>
  <testcase classname="TheSparksFoundation.studentsosprogramTest" name="Testtarget" time="0.032"/>
  <system-out/>
  <testcase classname="TheSparksFoundation.studentsosprogramTest" name="TestSupport" time="0.032"/>
  <system-out/>
</testsuite> <!-- TheSparksFoundation.studentsosprogramTest -->
