<?xml version="1.0" encoding="UTF-8"?>
<!-- Generated by org.testng.reporters.JUnitReportReporter -->
<testsuite hostname="HP-SAURABH" failures="0" tests="8" name="TheSparksFoundation.StudentmentorshipprogramTest" time="9.801" errors="0" timestamp="2022-01-18T15:37:38 IST" skipped="0">
  <testcase classname="TheSparksFoundation.StudentmentorshipprogramTest" name="clickOnPrograms" time="8.316"/>
  <system-out/>
  <testcase classname="TheSparksFoundation.StudentmentorshipprogramTest" name="clickonstudentmentorshipprogram" time="1.308"/>
  <system-out/>
  <testcase classname="TheSparksFoundation.StudentmentorshipprogramTest" name="verifytitle" time="0.049"/>
  <system-out/>
  <testcase classname="TheSparksFoundation.StudentmentorshipprogramTest" name="Testobjectives" time="0.025"/>
  <system-out/>
  <testcase classname="TheSparksFoundation.StudentmentorshipprogramTest" name="Testworkshops" time="0.027"/>
  <system-out/>
  <testcase classname="TheSparksFoundation.StudentmentorshipprogramTest" name="Testtalks" time="0.024"/>
  <system-out/>
  <testcase classname="TheSparksFoundation.StudentmentorshipprogramTest" name="Testindiviualsessions" time="0.027"/>
  <system-out/>
  <testcase classname="TheSparksFoundation.StudentmentorshipprogramTest" name="TestProgressCheck" time="0.025"/>
  <system-out/>
</testsuite> <!-- TheSparksFoundation.StudentmentorshipprogramTest -->
