<?xml version="1.0" encoding="UTF-8"?>
<!-- Generated by org.testng.reporters.JUnitReportReporter -->
<testsuite hostname="HP-SAURABH" failures="0" tests="5" name="TheSparksFoundation.corporateprogramsTest" time="9.954" errors="0" timestamp="2022-01-18T15:37:38 IST" skipped="0">
  <testcase classname="TheSparksFoundation.corporateprogramsTest" name="clickOnPrograms" time="8.685"/>
  <system-out/>
  <testcase classname="TheSparksFoundation.corporateprogramsTest" name="clickoncorporateprogram" time="1.178"/>
  <system-out/>
  <testcase classname="TheSparksFoundation.corporateprogramsTest" name="verifytitle" time="0.044"/>
  <system-out/>
  <testcase classname="TheSparksFoundation.corporateprogramsTest" name="Testcorporatevisitsandexternships" time="0.025"/>
  <system-out/>
  <testcase classname="TheSparksFoundation.corporateprogramsTest" name="testcharitableteambuildingprograms" time="0.022"/>
  <system-out/>
</testsuite> <!-- TheSparksFoundation.corporateprogramsTest -->
